0 info it worked if it ends with ok
1 verbose cli [ '/Users/gsuntop/bin/nvm/versions/node/v0.12.2/bin/node',
1 verbose cli   '/Users/gsuntop/bin/nvm/versions/node/v0.12.2/bin/npm',
1 verbose cli   'run',
1 verbose cli   'lint' ]
2 info using npm@2.7.4
3 info using node@v0.12.2
4 verbose run-script [ 'prelint', 'lint', 'postlint' ]
5 info prelint webmaker-android@1.0.0
6 info lint webmaker-android@1.0.0
7 verbose unsafe-perm in lifecycle true
8 info webmaker-android@1.0.0 Failed to exec lint script
9 verbose stack Error: webmaker-android@1.0.0 lint: `jsxhint --harmony --config node_modules/mofo-style/linters/.jshintrc www_src/pages/**/*`
9 verbose stack Exit status 2
9 verbose stack     at EventEmitter.<anonymous> (/Users/gsuntop/bin/nvm/versions/node/v0.12.2/lib/node_modules/npm/lib/utils/lifecycle.js:213:16)
9 verbose stack     at EventEmitter.emit (events.js:110:17)
9 verbose stack     at ChildProcess.<anonymous> (/Users/gsuntop/bin/nvm/versions/node/v0.12.2/lib/node_modules/npm/lib/utils/spawn.js:14:12)
9 verbose stack     at ChildProcess.emit (events.js:110:17)
9 verbose stack     at maybeClose (child_process.js:1015:16)
9 verbose stack     at Process.ChildProcess._handle.onexit (child_process.js:1087:5)
10 verbose pkgid webmaker-android@1.0.0
11 verbose cwd /Users/gsuntop/Documents/mozilla-code/webmaker-app/www_src/static/img
12 error Darwin 14.1.0
13 error argv "/Users/gsuntop/bin/nvm/versions/node/v0.12.2/bin/node" "/Users/gsuntop/bin/nvm/versions/node/v0.12.2/bin/npm" "run" "lint"
14 error node v0.12.2
15 error npm  v2.7.4
16 error code ELIFECYCLE
17 error webmaker-android@1.0.0 lint: `jsxhint --harmony --config node_modules/mofo-style/linters/.jshintrc www_src/pages/**/*`
17 error Exit status 2
18 error Failed at the webmaker-android@1.0.0 lint script 'jsxhint --harmony --config node_modules/mofo-style/linters/.jshintrc www_src/pages/**/*'.
18 error This is most likely a problem with the webmaker-android package,
18 error not with npm itself.
18 error Tell the author that this fails on your system:
18 error     jsxhint --harmony --config node_modules/mofo-style/linters/.jshintrc www_src/pages/**/*
18 error You can get their info via:
18 error     npm owner ls webmaker-android
18 error There is likely additional logging output above.
19 verbose exit [ 1, true ]
